[2022-09-21 16:32:03] Ouverture des logs
[2022-09-21 16:32:03] test
[2022-09-21 16:32:03] Ouverture des logs
[2022-09-21 16:32:03] Fermeture des logs
[2022-09-21 16:32:03] Course lancée. Vitesse moto 1 : 120. Vitesse moto 2 : 112
[2022-09-21 16:32:03] Moto 1 gagne
[2022-09-21 16:32:03] Fermeture des logs
[2022-09-21 16:32:03] Ouverture des logs
[2022-09-21 16:32:03] Course lancée. Vitesse moto 1 : 98. Vitesse moto 2 : 164
[2022-09-21 16:32:03] Moto 2 gagne
[2022-09-21 16:32:03] Fermeture des logs
[2022-09-21 16:32:15] Ouverture des logs
[2022-09-21 16:32:15] test
[2022-09-21 16:32:15] Ouverture des logs
[2022-09-21 16:32:15] Fermeture des logs
[2022-09-21 16:32:15] Course lancée. Vitesse moto 1 : 120. Vitesse moto 2 : 112
[2022-09-21 16:32:15] Moto 1 gagne
[2022-09-21 16:32:15] Fermeture des logs
[2022-09-21 16:32:15] Ouverture des logs
[2022-09-21 16:32:15] Course lancée. Vitesse moto 1 : 98. Vitesse moto 2 : 164
[2022-09-21 16:32:15] Moto 2 gagne
[2022-09-21 16:32:15] Fermeture des logs
[2022-09-21 16:32:18] Ouverture des logs
[2022-09-21 16:32:18] test
[2022-09-21 16:32:18] Ouverture des logs
[2022-09-21 16:32:18] Fermeture des logs
[2022-09-21 16:32:18] Course lancée. Vitesse moto 1 : 120. Vitesse moto 2 : 112
[2022-09-21 16:32:18] Moto 1 gagne
[2022-09-21 16:32:18] Fermeture des logs
[2022-09-21 16:32:18] Ouverture des logs
[2022-09-21 16:32:18] Course lancée. Vitesse moto 1 : 98. Vitesse moto 2 : 164
[2022-09-21 16:32:18] Moto 2 gagne
[2022-09-21 16:32:18] Fermeture des logs
[2022-09-21 16:32:18] Ouverture des logs
[2022-09-21 16:32:18] test
[2022-09-21 16:32:18] Ouverture des logs
[2022-09-21 16:32:18] Fermeture des logs
[2022-09-21 16:32:18] Course lancée. Vitesse moto 1 : 120. Vitesse moto 2 : 112
[2022-09-21 16:32:18] Moto 1 gagne
[2022-09-21 16:32:18] Fermeture des logs
[2022-09-21 16:32:18] Ouverture des logs
[2022-09-21 16:32:18] Course lancée. Vitesse moto 1 : 98. Vitesse moto 2 : 164
[2022-09-21 16:32:18] Moto 2 gagne
[2022-09-21 16:32:18] Fermeture des logs
[2022-09-21 16:32:19] Ouverture des logs
[2022-09-21 16:32:19] test
[2022-09-21 16:32:19] Ouverture des logs
[2022-09-21 16:32:19] Fermeture des logs
[2022-09-21 16:32:19] Course lancée. Vitesse moto 1 : 120. Vitesse moto 2 : 112
[2022-09-21 16:32:19] Moto 1 gagne
[2022-09-21 16:32:19] Fermeture des logs
[2022-09-21 16:32:19] Ouverture des logs
[2022-09-21 16:32:19] Course lancée. Vitesse moto 1 : 98. Vitesse moto 2 : 164
[2022-09-21 16:32:19] Moto 2 gagne
[2022-09-21 16:32:19] Fermeture des logs
[2022-09-21 16:32:19] Ouverture des logs
[2022-09-21 16:32:19] test
[2022-09-21 16:32:19] Ouverture des logs
[2022-09-21 16:32:19] Fermeture des logs
[2022-09-21 16:32:19] Course lancée. Vitesse moto 1 : 120. Vitesse moto 2 : 112
[2022-09-21 16:32:19] Moto 1 gagne
[2022-09-21 16:32:19] Fermeture des logs
[2022-09-21 16:32:19] Ouverture des logs
[2022-09-21 16:32:19] Course lancée. Vitesse moto 1 : 98. Vitesse moto 2 : 164
[2022-09-21 16:32:19] Moto 2 gagne
[2022-09-21 16:32:19] Fermeture des logs
[2022-09-21 16:32:19] Ouverture des logs
[2022-09-21 16:32:19] test
[2022-09-21 16:32:19] Ouverture des logs
[2022-09-21 16:32:19] Fermeture des logs
[2022-09-21 16:32:19] Course lancée. Vitesse moto 1 : 120. Vitesse moto 2 : 112
[2022-09-21 16:32:19] Moto 1 gagne
[2022-09-21 16:32:19] Fermeture des logs
[2022-09-21 16:32:19] Ouverture des logs
[2022-09-21 16:32:19] Course lancée. Vitesse moto 1 : 98. Vitesse moto 2 : 164
[2022-09-21 16:32:19] Moto 2 gagne
[2022-09-21 16:32:19] Fermeture des logs
[2022-09-21 16:32:29] Ouverture des logs
[2022-09-21 16:32:29] test
[2022-09-21 16:32:29] Ouverture des logs
[2022-09-21 16:32:29] Fermeture des logs
[2022-09-21 16:32:29] Course lancée. Vitesse moto 1 : 120. Vitesse moto 2 : 112
[2022-09-21 16:32:29] Moto 1 gagne
[2022-09-21 16:32:29] Fermeture des logs
[2022-09-21 16:32:29] Ouverture des logs
[2022-09-21 16:32:29] Course lancée. Vitesse moto 1 : 98. Vitesse moto 2 : 164
[2022-09-21 16:32:29] Moto 2 gagne
[2022-09-21 16:32:29] Fermeture des logs
[2022-09-21 16:32:37] Ouverture des logs
[2022-09-21 16:32:37] test
[2022-09-21 16:32:37] Fermeture des logs
